# JRE version: Java(TM) SE Runtime Environment (17.0.2+8) (build 17.0.2+8-LTS-86)
# Java VM: Java HotSpot(TM) 64-Bit Server VM (17.0.2+8-LTS-86, mixed mode, sharing, tiered, compressed oops, compressed class ptrs, g1 gc, windows-amd64)
GC Precious Log:
 CPUs: 8 total, 8 available
 Memory: 16122M
 Large Page Support: Disabled
 NUMA Support: Disabled
 Compressed Oops: Enabled (32-bit)
 Heap Region Size: 1M
 Heap Min Capacity: 8M
 Heap Initial Capacity: 252M
 Heap Max Capacity: 2G
 Pre-touch: Disabled
 Parallel Workers: 8
 Concurrent Workers: 2
 Concurrent Refinement Workers: 8
 Periodic GC: Disabled
Heap:
 garbage-first heap   total 112640K, used 72497K [0x0000000080000000, 0x0000000100000000)
  region size 1024K, 9 young (9216K), 1 survivors (1024K)
 Metaspace       used 59847K, committed 60480K, reserved 479232K
  class space    used 8285K, committed 8576K, reserved 421888K
GC Heap History (20 events):
Event: 24.305 GC heap before
{Heap before GC invocations=17 (full 0):
 garbage-first heap   total 75776K, used 62017K [0x0000000080000000, 0x0000000100000000)
  region size 1024K, 20 young (20480K), 2 survivors (2048K)
 Metaspace       used 50660K, committed 51200K, reserved 471040K
  class space    used 7058K, committed 7296K, reserved 421888K
}
Event: 24.310 GC heap after
{Heap after GC invocations=18 (full 0):
 garbage-first heap   total 75776K, used 44284K [0x0000000080000000, 0x0000000100000000)
  region size 1024K, 2 young (2048K), 2 survivors (2048K)
 Metaspace       used 50660K, committed 51200K, reserved 471040K
  class space    used 7058K, committed 7296K, reserved 421888K
}
Event: 25.298 GC heap before
{Heap before GC invocations=19 (full 0):
 garbage-first heap   total 78848K, used 62716K [0x0000000080000000, 0x0000000100000000)
  region size 1024K, 20 young (20480K), 2 survivors (2048K)
 Metaspace       used 51997K, committed 52480K, reserved 471040K
  class space    used 7219K, committed 7424K, reserved 421888K
}
Event: 25.303 GC heap after
{Heap after GC invocations=20 (full 0):
 garbage-first heap   total 78848K, used 45276K [0x0000000080000000, 0x0000000100000000)
  region size 1024K, 3 young (3072K), 3 survivors (3072K)
 Metaspace       used 51997K, committed 52480K, reserved 471040K
  class space    used 7219K, committed 7424K, reserved 421888K
}
Event: 26.474 GC heap before
{Heap before GC invocations=20 (full 0):
 garbage-first heap   total 78848K, used 65756K [0x0000000080000000, 0x0000000100000000)
  region size 1024K, 23 young (23552K), 3 survivors (3072K)
 Metaspace       used 53334K, committed 53952K, reserved 471040K
  class space    used 7417K, committed 7680K, reserved 421888K
}
Event: 26.479 GC heap after
{Heap after GC invocations=21 (full 0):
 garbage-first heap   total 78848K, used 47136K [0x0000000080000000, 0x0000000100000000)
  region size 1024K, 3 young (3072K), 3 survivors (3072K)
 Metaspace       used 53334K, committed 53952K, reserved 471040K
  class space    used 7417K, committed 7680K, reserved 421888K
}
Event: 28.120 GC heap before
{Heap before GC invocations=22 (full 0):
 garbage-first heap   total 83968K, used 64544K [0x0000000080000000, 0x0000000100000000)
  region size 1024K, 20 young (20480K), 3 survivors (3072K)
 Metaspace       used 54137K, committed 54720K, reserved 471040K
  class space    used 7507K, committed 7744K, reserved 421888K
}
Event: 28.125 GC heap after
{Heap after GC invocations=23 (full 0):
 garbage-first heap   total 83968K, used 48999K [0x0000000080000000, 0x0000000100000000)
  region size 1024K, 3 young (3072K), 3 survivors (3072K)
 Metaspace       used 54137K, committed 54720K, reserved 471040K
  class space    used 7507K, committed 7744K, reserved 421888K
}
Event: 28.812 GC heap before
{Heap before GC invocations=23 (full 0):
 garbage-first heap   total 83968K, used 67431K [0x0000000080000000, 0x0000000100000000)
  region size 1024K, 22 young (22528K), 3 survivors (3072K)
 Metaspace       used 55955K, committed 56512K, reserved 479232K
  class space    used 7790K, committed 8000K, reserved 421888K
}
Event: 28.823 GC heap after
{Heap after GC invocations=24 (full 0):
 garbage-first heap   total 83968K, used 51653K [0x0000000080000000, 0x0000000100000000)
  region size 1024K, 3 young (3072K), 3 survivors (3072K)
 Metaspace       used 55955K, committed 56512K, reserved 479232K
  class space    used 7790K, committed 8000K, reserved 421888K
}
Event: 29.262 GC heap before
{Heap before GC invocations=25 (full 0):
 garbage-first heap   total 91136K, used 68037K [0x0000000080000000, 0x0000000100000000)
  region size 1024K, 20 young (20480K), 3 survivors (3072K)
 Metaspace       used 57664K, committed 58240K, reserved 479232K
  class space    used 7987K, committed 8256K, reserved 421888K
}
Event: 29.269 GC heap after
{Heap after GC invocations=26 (full 0):
 garbage-first heap   total 91136K, used 54241K [0x0000000080000000, 0x0000000100000000)
  region size 1024K, 3 young (3072K), 3 survivors (3072K)
 Metaspace       used 57664K, committed 58240K, reserved 479232K
  class space    used 7987K, committed 8256K, reserved 421888K
}
Event: 31.602 GC heap before
{Heap before GC invocations=26 (full 0):
 garbage-first heap   total 91136K, used 72673K [0x0000000080000000, 0x0000000100000000)
  region size 1024K, 22 young (22528K), 3 survivors (3072K)
 Metaspace       used 59178K, committed 59840K, reserved 479232K
  class space    used 8209K, committed 8512K, reserved 421888K
}
Event: 31.608 GC heap after
{Heap after GC invocations=27 (full 0):
 garbage-first heap   total 91136K, used 56214K [0x0000000080000000, 0x0000000100000000)
  region size 1024K, 2 young (2048K), 2 survivors (2048K)
 Metaspace       used 59178K, committed 59840K, reserved 479232K
  class space    used 8209K, committed 8512K, reserved 421888K
}
Event: 32.361 GC heap before
{Heap before GC invocations=28 (full 0):
 garbage-first heap   total 101376K, used 76694K [0x0000000080000000, 0x0000000100000000)
  region size 1024K, 20 young (20480K), 2 survivors (2048K)
 Metaspace       used 59495K, committed 60160K, reserved 479232K
  class space    used 8235K, committed 8512K, reserved 421888K
}
Event: 32.366 GC heap after
{Heap after GC invocations=29 (full 0):
 garbage-first heap   total 101376K, used 63203K [0x0000000080000000, 0x0000000100000000)
  region size 1024K, 3 young (3072K), 3 survivors (3072K)
 Metaspace       used 59495K, committed 60160K, reserved 479232K
  class space    used 8235K, committed 8512K, reserved 421888K
}
Event: 32.401 GC heap before
{Heap before GC invocations=29 (full 0):
 garbage-first heap   total 101376K, used 64227K [0x0000000080000000, 0x0000000100000000)
  region size 1024K, 4 young (4096K), 3 survivors (3072K)
 Metaspace       used 59495K, committed 60160K, reserved 479232K
  class space    used 8235K, committed 8512K, reserved 421888K
}
Event: 32.404 GC heap after
{Heap after GC invocations=30 (full 0):
 garbage-first heap   total 101376K, used 63192K [0x0000000080000000, 0x0000000100000000)
  region size 1024K, 1 young (1024K), 1 survivors (1024K)
 Metaspace       used 59495K, committed 60160K, reserved 479232K
  class space    used 8235K, committed 8512K, reserved 421888K
}
Event: 32.410 GC heap before
{Heap before GC invocations=30 (full 0):
 garbage-first heap   total 101376K, used 63192K [0x0000000080000000, 0x0000000100000000)
  region size 1024K, 2 young (2048K), 1 survivors (1024K)
 Metaspace       used 59495K, committed 60160K, reserved 479232K
  class space    used 8235K, committed 8512K, reserved 421888K
}
Event: 32.414 GC heap after
{Heap after GC invocations=31 (full 0):
 garbage-first heap   total 101376K, used 63281K [0x0000000080000000, 0x0000000100000000)
  region size 1024K, 1 young (1024K), 1 survivors (1024K)
 Metaspace       used 59495K, committed 60160K, reserved 479232K
  class space    used 8235K, committed 8512K, reserved 421888K
}

